rm: cannot remove `/broad/landerlab/sankaran/Mito/16_CML/filtered/All.SNPs.Q0.BAQ.txt': No such file or directory
SRR3052037.mito.filtered
219.561
SRR3052038.mito.filtered
163.615
SRR3052039.mito.filtered
392.803
SRR3052040.mito.filtered
556.974
SRR3052041.mito.filtered
285.897
SRR3052042.mito.filtered
481.643
SRR3052043.mito.filtered
398.507
SRR3052044.mito.filtered
521.193
SRR3052045.mito.filtered
765.608
SRR3052046.mito.filtered
788.831
SRR3052047.mito.filtered
762.172
SRR3052048.mito.filtered
569.639
SRR3052049.mito.filtered
852.824
SRR3052050.mito.filtered
891.979
SRR3052051.mito.filtered
614.752
SRR3052052.mito.filtered
949.357
SRR3052053.mito.filtered
1069.21
SRR3052054.mito.filtered
831.019
SRR3052055.mito.filtered
413.135
SRR3052056.mito.filtered
715.958
SRR3052057.mito.filtered
1040.43
SRR3052058.mito.filtered
983.189
SRR3052059.mito.filtered
764.566
SRR3052060.mito.filtered
957.795
SRR3052061.mito.filtered
621.446
SRR3052062.mito.filtered
957.19
SRR3052063.mito.filtered
642.032
SRR3052064.mito.filtered
600.151
SRR3052065.mito.filtered
1152
SRR3052066.mito.filtered
632.376
SRR3052067.mito.filtered
943.192
SRR3052068.mito.filtered
1289.19
SRR3052069.mito.filtered
392.51
SRR3052070.mito.filtered
769.166
SRR3052071.mito.filtered
797.642
SRR3052072.mito.filtered
923.92
SRR3052073.mito.filtered
66.2203
SRR3052074.mito.filtered
632.7
SRR3052075.mito.filtered
1043.6
SRR3052076.mito.filtered
233.202
SRR3052077.mito.filtered
234.561
SRR3052078.mito.filtered
860.192
SRR3052079.mito.filtered
541.265
SRR3052080.mito.filtered
125.188
SRR3052081.mito.filtered
610.461
SRR3052082.mito.filtered
539.842
SRR3052083.mito.filtered
221.958
SRR3052084.mito.filtered
388.967
SRR3052085.mito.filtered
514.713
SRR3052086.mito.filtered
67.8496
SRR3052087.mito.filtered
308.153
SRR3052088.mito.filtered
888.608
SRR3052089.mito.filtered
684.628
SRR3052090.mito.filtered
307.092
SRR3052091.mito.filtered
422.773
SRR3052092.mito.filtered
457.153
SRR3052093.mito.filtered
228.977
SRR3052094.mito.filtered
718.655
SRR3052095.mito.filtered
419.61
SRR3052096.mito.filtered
320.52
SRR3052097.mito.filtered
918.515
SRR3052098.mito.filtered
687.412
SRR3052099.mito.filtered
462.47
SRR3052100.mito.filtered
855.539
SRR3052101.mito.filtered
562.11
SRR3052102.mito.filtered
689.286
SRR3052103.mito.filtered
744.619
SRR3052104.mito.filtered
915.136
SRR3052105.mito.filtered
1060.02
SRR3052106.mito.filtered
1227.84
SRR3052107.mito.filtered
1135.6
SRR3052108.mito.filtered
1622.47
SRR3052109.mito.filtered
499.832
SRR3052110.mito.filtered
895.909
SRR3052111.mito.filtered
1001.18
SRR3052112.mito.filtered
806.831
SRR3052113.mito.filtered
752.144
SRR3052114.mito.filtered
156.99
SRR3052115.mito.filtered
736.816
SRR3052116.mito.filtered
797.096
SRR3052117.mito.filtered
675.125
SRR3052118.mito.filtered
745.923
SRR3052119.mito.filtered
344.901
SRR3052120.mito.filtered
202.985
SRR3052121.mito.filtered
346.353
SRR3052122.mito.filtered
188.084
SRR3052123.mito.filtered
625.809
SRR3052124.mito.filtered
186.225
SRR3052125.mito.filtered
920.113
SRR3052126.mito.filtered
47.8088
SRR3052127.mito.filtered
1057.97
SRR3052128.mito.filtered
126.509
SRR3052129.mito.filtered
542.691
SRR3052130.mito.filtered
306.247
SRR3052131.mito.filtered
206.178
SRR3052132.mito.filtered
959.277
SRR3052133.mito.filtered
601.701
SRR3052134.mito.filtered
339.904
SRR3052135.mito.filtered
397.857
SRR3052136.mito.filtered
677.349
SRR3052137.mito.filtered
837.315
SRR3052138.mito.filtered
480.967
SRR3052139.mito.filtered
394.706
SRR3052140.mito.filtered
885.9
SRR3052142.mito.filtered
1828.61
SRR3052143.mito.filtered
198.221
SRR3052144.mito.filtered
306.842
SRR3052145.mito.filtered
368.668
SRR3052146.mito.filtered
746.683
SRR3052147.mito.filtered
531.394
SRR3052148.mito.filtered
409.048
SRR3052149.mito.filtered
191.596
SRR3052150.mito.filtered
326.425
SRR3052151.mito.filtered
982.641
SRR3052152.mito.filtered
627.514
SRR3052154.mito.filtered
708.52
SRR3052155.mito.filtered
525.512
SRR3052156.mito.filtered
114.347
SRR3052157.mito.filtered
422.085
SRR3052158.mito.filtered
740.818
SRR3052159.mito.filtered
1020.29
SRR3052160.mito.filtered
1053.05
SRR3052161.mito.filtered
1123.27
SRR3052162.mito.filtered
1047.05
SRR3052163.mito.filtered
387.24
SRR3052164.mito.filtered
692.722
SRR3052165.mito.filtered
816.038
SRR3052166.mito.filtered
679.161
SRR3052167.mito.filtered
315.392
SRR3052168.mito.filtered
393.175
SRR3052169.mito.filtered
308.087
SRR3052170.mito.filtered
468.98
SRR3052171.mito.filtered
406.135
SRR3052172.mito.filtered
536.062
SRR3052173.mito.filtered
749.541
SRR3052174.mito.filtered
227.726
SRR3052175.mito.filtered
262.978
SRR3052176.mito.filtered
509.559
SRR3052177.mito.filtered
499.843
SRR3052178.mito.filtered
1078.3
SRR3052179.mito.filtered
475.194
SRR3052180.mito.filtered
522.476
SRR3052181.mito.filtered
519.348
SRR3052182.mito.filtered
425.156
SRR3052183.mito.filtered
651.663
SRR3052184.mito.filtered
327.64
SRR3052185.mito.filtered
784.233
SRR3052186.mito.filtered
338.946
SRR3052187.mito.filtered
495.004
SRR3052188.mito.filtered
605.382
SRR3052189.mito.filtered
956.028
SRR3052190.mito.filtered
410.277
SRR3052191.mito.filtered
477.004
SRR3052192.mito.filtered
722.272
SRR3052193.mito.filtered
31.5917
SRR3052194.mito.filtered
831.135
SRR3052195.mito.filtered
608.526
SRR3052196.mito.filtered
55.6644
SRR3052197.mito.filtered
168.194
SRR3052198.mito.filtered
508.21
SRR3052199.mito.filtered
819.965
SRR3052200.mito.filtered
906.831
SRR3052201.mito.filtered
75.2129
SRR3052202.mito.filtered
195.155
SRR3052203.mito.filtered
1416.76
SRR3052204.mito.filtered
1175.59
SRR3052205.mito.filtered
1436.12
SRR3052206.mito.filtered
2682.37
SRR3052207.mito.filtered
1325.77
SRR3052208.mito.filtered
513.729
SRR3052209.mito.filtered
2334.43
SRR3052210.mito.filtered
634.187
SRR3052211.mito.filtered
2108.39
SRR3052212.mito.filtered
1812.76
SRR3052213.mito.filtered
2182.1
SRR3052214.mito.filtered
260.962
SRR3052215.mito.filtered
68.5979
SRR3052216.mito.filtered
95.8178
SRR3052217.mito.filtered
149.039
SRR3052218.mito.filtered
524.775
SRR3052219.mito.filtered
41.2924
SRR3052220.mito.filtered
277.978
SRR3052221.mito.filtered
409.291
SRR3052222.mito.filtered
109.378
SRR3052223.mito.filtered
127.805
SRR3052224.mito.filtered
272.55
SRR3052225.mito.filtered
513.156
SRR3052226.mito.filtered
167.972
SRR3052227.mito.filtered
606.975
SRR3052228.mito.filtered
629.459
SRR3052229.mito.filtered
301.189
SRR3052230.mito.filtered
657.292
SRR3052231.mito.filtered
758.085
SRR3052232.mito.filtered
1344.67
SRR3052233.mito.filtered
581.126
SRR3052234.mito.filtered
779.331
SRR3052235.mito.filtered
720.431
SRR3052236.mito.filtered
698.418
SRR3052237.mito.filtered
782.398
SRR3052238.mito.filtered
1138.92
SRR3052239.mito.filtered
844.952
SRR3052240.mito.filtered
775.532
SRR3052241.mito.filtered
504.198
SRR3052242.mito.filtered
1040.74
SRR3052243.mito.filtered
1217.72
SRR3052244.mito.filtered
1094.13
SRR3052245.mito.filtered
621.765
SRR3052246.mito.filtered
749.187
SRR3052247.mito.filtered
415.796
SRR3052248.mito.filtered
1119.15
SRR3052249.mito.filtered
1881.2
SRR3052250.mito.filtered
692.453
SRR3052251.mito.filtered
422.993
SRR3052252.mito.filtered
520.303
SRR3052253.mito.filtered
899.53
SRR3052254.mito.filtered
774.438
SRR3052255.mito.filtered
405.421
SRR3052256.mito.filtered
661.53
SRR3052257.mito.filtered
289.16
SRR3052258.mito.filtered
583.444
SRR3052259.mito.filtered
571.663
SRR3052260.mito.filtered
509.796
SRR3052261.mito.filtered
2661.35
SRR3052262.mito.filtered
474.049
SRR3052263.mito.filtered
766.089
SRR3052264.mito.filtered
353.42
SRR3052265.mito.filtered
1067.25
SRR3052266.mito.filtered
675.344
SRR3052267.mito.filtered
40.0964
SRR3052268.mito.filtered
172.003
SRR3052269.mito.filtered
607.205
SRR3052270.mito.filtered
616.777
SRR3052271.mito.filtered
495.827
SRR3052272.mito.filtered
40.9277
SRR3052273.mito.filtered
83.6451
SRR3052274.mito.filtered
401.421
SRR3052275.mito.filtered
874.826
SRR3052276.mito.filtered
857.948
SRR3052277.mito.filtered
1025.39
SRR3052278.mito.filtered
408.049
SRR3052279.mito.filtered
278.41
SRR3052280.mito.filtered
271.869
SRR3052281.mito.filtered
367.911
SRR3052282.mito.filtered
26.8926
SRR3052283.mito.filtered
848.528
SRR3052284.mito.filtered
693.651
SRR3052285.mito.filtered
665.067
SRR3052286.mito.filtered
690.812
SRR3052287.mito.filtered
679.481
SRR3052288.mito.filtered
363.473
SRR3052289.mito.filtered
393.956
SRR3052290.mito.filtered
481.602
SRR3052291.mito.filtered
970.35
SRR3052292.mito.filtered
772.453
SRR3052293.mito.filtered
1968.97
SRR3052294.mito.filtered
337.038
SRR3052295.mito.filtered
2237.07
SRR3052296.mito.filtered
840.92
SRR3052297.mito.filtered
1099.84
SRR3052298.mito.filtered
745.146
SRR3052299.mito.filtered
706.624
SRR3052300.mito.filtered
442.084
SRR3052301.mito.filtered
1344.41
SRR3052302.mito.filtered
744.22
SRR3052303.mito.filtered
1144.08
SRR3052304.mito.filtered
2599.57
SRR3052305.mito.filtered
763.112
SRR3052306.mito.filtered
1075.82
SRR3052307.mito.filtered
2100.63
SRR3052308.mito.filtered
680.727
SRR3052309.mito.filtered
527.653
SRR3052310.mito.filtered
947.811
SRR3052311.mito.filtered
985.617
SRR3052312.mito.filtered
180.254
SRR3052313.mito.filtered
359.167
SRR3052314.mito.filtered
764.169
SRR3052315.mito.filtered
226.8
SRR3052316.mito.filtered
1387.42
SRR3052317.mito.filtered
1352.98
SRR3052318.mito.filtered
485.593
SRR3052319.mito.filtered
448.053
SRR3052320.mito.filtered
836.695
SRR3052321.mito.filtered
1147.67
SRR3052322.mito.filtered
831.343
SRR3052323.mito.filtered
716.64
SRR3052324.mito.filtered
1134.54
SRR3052325.mito.filtered
328.078
SRR3052326.mito.filtered
483.874
SRR3052327.mito.filtered
424.229
SRR3052328.mito.filtered
165.51
SRR3052329.mito.filtered
1210.91
SRR3052330.mito.filtered
1027.62
SRR3052331.mito.filtered
1297.74
SRR3052332.mito.filtered
306.768
SRR3052333.mito.filtered
524.085
SRR3052334.mito.filtered
1759.4
SRR3052335.mito.filtered
1328.3
SRR3052336.mito.filtered
747.74
SRR3052337.mito.filtered
826.383
SRR3052338.mito.filtered
1375.34
SRR3052339.mito.filtered
1301.02
SRR3052340.mito.filtered
511.688
SRR3052341.mito.filtered
788.011
SRR3052342.mito.filtered
225.262
SRR3052343.mito.filtered
272.737
SRR3052344.mito.filtered
385.825
SRR3052345.mito.filtered
524.532
SRR3052346.mito.filtered
1163.21
SRR3052347.mito.filtered
436.194
SRR3052348.mito.filtered
696.988
SRR3052349.mito.filtered
410.276
SRR3052350.mito.filtered
626.079
SRR3052351.mito.filtered
173.941
SRR3052352.mito.filtered
803.747
SRR3052353.mito.filtered
936.859
SRR3052354.mito.filtered
222.452
SRR3052355.mito.filtered
989.256
SRR3052356.mito.filtered
67.4353
SRR3052357.mito.filtered
398.492
SRR3052358.mito.filtered
120.242
SRR3052359.mito.filtered
810.561
SRR3052360.mito.filtered
1106.07
SRR3052361.mito.filtered
661.225
SRR3052362.mito.filtered
1199.47
SRR3052363.mito.filtered
854.122
SRR3052364.mito.filtered
248.322
SRR3052365.mito.filtered
720.368
SRR3052366.mito.filtered
776.237
SRR3052367.mito.filtered
1001.35
SRR3052368.mito.filtered
773.328
SRR3052369.mito.filtered
386.765
SRR3052370.mito.filtered
631.861
SRR3052371.mito.filtered
390.099
SRR3052372.mito.filtered
904.737
SRR3052373.mito.filtered
514.626
SRR3052374.mito.filtered
82.5012
SRR3052375.mito.filtered
1427.81
SRR3052376.mito.filtered
371.329
SRR3052377.mito.filtered
66.6846
SRR3052378.mito.filtered
636.036
SRR3052379.mito.filtered
898.503
SRR3052380.mito.filtered
896.841
SRR3052381.mito.filtered
236.205
SRR3052382.mito.filtered
449.16
SRR3052383.mito.filtered
766.083
SRR3052384.mito.filtered
1606.02
SRR3052385.mito.filtered
166.187
SRR3052386.mito.filtered
3902.22
SRR3052387.mito.filtered
881.944
SRR3052388.mito.filtered
357.804
SRR3052389.mito.filtered
1521.32
SRR3052390.mito.filtered
934.201
SRR3052391.mito.filtered
878.502
SRR3052392.mito.filtered
790.319
SRR3052393.mito.filtered
804.892
SRR3052394.mito.filtered
740.426
SRR3052395.mito.filtered
1699.95
SRR3052396.mito.filtered
1255.02
SRR3052397.mito.filtered
51.531
SRR3052398.mito.filtered
1225.55
SRR3052399.mito.filtered
1644.45
SRR3052400.mito.filtered
509.161
SRR3052401.mito.filtered
1927.46
SRR3052402.mito.filtered
2559.23
SRR3052403.mito.filtered
617.164
SRR3052404.mito.filtered
1101.53
SRR3052405.mito.filtered
309.461
SRR3052406.mito.filtered
320.909
SRR3052407.mito.filtered
1059.09
SRR3052408.mito.filtered
1091.28
SRR3052409.mito.filtered
1362.19
SRR3052410.mito.filtered
2248.43
SRR3052411.mito.filtered
1421.73
SRR3052412.mito.filtered
1099.63
SRR3052413.mito.filtered
2064.1
SRR3052414.mito.filtered
263.839
SRR3052415.mito.filtered
1532.17
SRR3052416.mito.filtered
170.977
SRR3052417.mito.filtered
32.4936
SRR3052418.mito.filtered
838.921
SRR3052419.mito.filtered
20.6174
SRR3052420.mito.filtered
125.515
SRR3052421.mito.filtered
1289.39
SRR3052422.mito.filtered
151.031
SRR3052423.mito.filtered
567.218
SRR3052424.mito.filtered
573.175
SRR3052425.mito.filtered
617.935
SRR3052426.mito.filtered
489.462
SRR3052427.mito.filtered
510.468
SRR3052428.mito.filtered
628.429
SRR3052429.mito.filtered
632.208
SRR3052430.mito.filtered
185.835
SRR3052431.mito.filtered
832.507
SRR3052432.mito.filtered
881.372
SRR3052433.mito.filtered
846.853
SRR3052434.mito.filtered
427.735
SRR3052435.mito.filtered
490.06
SRR3052436.mito.filtered
768.294
SRR3052437.mito.filtered
1053.84
SRR3052438.mito.filtered
89.86
SRR3052439.mito.filtered
724.42
SRR3052440.mito.filtered
1744.41
SRR3052441.mito.filtered
646.106
SRR3052442.mito.filtered
366.642
SRR3052443.mito.filtered
531.94
SRR3052444.mito.filtered
503.195
SRR3052445.mito.filtered
776.974
SRR3052446.mito.filtered
502.463
SRR3052447.mito.filtered
921.516
SRR3052448.mito.filtered
838.497
SRR3052449.mito.filtered
1093.59
SRR3052450.mito.filtered
1228.22
SRR3052451.mito.filtered
564.214
SRR3052452.mito.filtered
358.978
SRR3052453.mito.filtered
625.977
SRR3052454.mito.filtered
506.445
SRR3052455.mito.filtered
478.477
SRR3052456.mito.filtered
574.062
SRR3052457.mito.filtered
551.453
SRR3052458.mito.filtered
433.088
SRR3052459.mito.filtered
712.462
SRR3052460.mito.filtered
1215.7
SRR3052461.mito.filtered
1011.03
SRR3052462.mito.filtered
945.785
SRR3052463.mito.filtered
807.532
SRR3052464.mito.filtered
941.226
SRR3052465.mito.filtered
662.811
SRR3052466.mito.filtered
1028.44
SRR3052467.mito.filtered
965.695
SRR3052468.mito.filtered
1183.21
SRR3052469.mito.filtered
1023.69
SRR3052470.mito.filtered
1231.19
SRR3052471.mito.filtered
1201.61
SRR3052472.mito.filtered
1223.93
SRR3052473.mito.filtered
1412.96
SRR3052474.mito.filtered
337.818
SRR3052475.mito.filtered
1149.97
SRR3052476.mito.filtered
631.949
SRR3052477.mito.filtered
781.798
SRR3052478.mito.filtered
801.671
SRR3052479.mito.filtered
1380.95
SRR3052480.mito.filtered
1042.91
SRR3052481.mito.filtered
1954.72
SRR3052482.mito.filtered
1361.32
SRR3052483.mito.filtered
1860.92
SRR3052484.mito.filtered
1444.2
SRR3052485.mito.filtered
635.794
SRR3052486.mito.filtered
989.817
SRR3052487.mito.filtered
171.221
SRR3052488.mito.filtered
809.689
SRR3052489.mito.filtered
887.974
SRR3052490.mito.filtered
1679.3
SRR3052491.mito.filtered
974.207
SRR3052492.mito.filtered
332.41
SRR3052493.mito.filtered
708.995
SRR3052494.mito.filtered
1278.19
SRR3052495.mito.filtered
461.126
SRR3052496.mito.filtered
790.007
SRR3052497.mito.filtered
1415.87
SRR3052498.mito.filtered
1029.16
SRR3052499.mito.filtered
414.109
SRR3052500.mito.filtered
912.208
SRR3052501.mito.filtered
1080.61
SRR3052502.mito.filtered
789.327
SRR3052503.mito.filtered
229.299
SRR3052505.mito.filtered
809.773
SRR3052506.mito.filtered
70.013
SRR3052507.mito.filtered
546.264
SRR3052508.mito.filtered
2737.25
SRR3052509.mito.filtered
792.026
SRR3052511.mito.filtered
595.711
SRR3052512.mito.filtered
355.889
SRR3052513.mito.filtered
712.873
SRR3052514.mito.filtered
480.981
SRR3052515.mito.filtered
619.7
SRR3052516.mito.filtered
1772.09
SRR3052517.mito.filtered
835.29
SRR3052519.mito.filtered
1273.2
SRR3052520.mito.filtered
516.047
SRR3052521.mito.filtered
1030.55
SRR3052522.mito.filtered
840.733
SRR3052524.mito.filtered
783.58
SRR3052525.mito.filtered
1095.17
SRR3052526.mito.filtered
781.557
SRR3052529.mito.filtered
754.358
SRR3052530.mito.filtered
216.055
SRR3052531.mito.filtered
2007.39
SRR3052533.mito.filtered
447.352
SRR3052537.mito.filtered
1971.3
SRR3052539.mito.filtered
515.842
SRR3052540.mito.filtered
819.98
SRR3052541.mito.filtered
371.656
SRR3052543.mito.filtered
747.984
SRR3052545.mito.filtered
1351.24
SRR3052547.mito.filtered
187.446
SRR3052548.mito.filtered
682.63
SRR3052549.mito.filtered
847.701
SRR3052550.mito.filtered
325.942
SRR3052551.mito.filtered
446.151
SRR3052552.mito.filtered
364.225
SRR3052553.mito.filtered
516.506
SRR3052554.mito.filtered
243.736
SRR3052555.mito.filtered
1230.5
SRR3052556.mito.filtered
512.911
SRR3052557.mito.filtered
636.144
SRR3052558.mito.filtered
564.581
SRR3052559.mito.filtered
274.024
SRR3052560.mito.filtered
564.692
SRR3052561.mito.filtered
262.11
SRR3052562.mito.filtered
395.497
SRR3052563.mito.filtered
2125.67
SRR3052564.mito.filtered
1062.19
SRR3052565.mito.filtered
1657.74
SRR3052566.mito.filtered
607.9
SRR3052567.mito.filtered
416.08
SRR3052568.mito.filtered
947.53
SRR3052569.mito.filtered
814.683
SRR3052570.mito.filtered
535.96
SRR3052571.mito.filtered
975.411
SRR3052572.mito.filtered
10.46
SRR3052573.mito.filtered
587.869
SRR3052574.mito.filtered
285.755
SRR3052575.mito.filtered
814.774
SRR3052576.mito.filtered
795.273
SRR3052577.mito.filtered
247.31
SRR3052578.mito.filtered
295.118
SRR3052579.mito.filtered
838.631
SRR3052580.mito.filtered
420.868
SRR3052581.mito.filtered
422.529
SRR3052582.mito.filtered
612.164
SRR3052583.mito.filtered
216.886
SRR3052584.mito.filtered
2078.12
SRR3052585.mito.filtered
325.545
SRR3052586.mito.filtered
517.972
SRR3052587.mito.filtered
558.983
SRR3052588.mito.filtered
714.397
SRR3052589.mito.filtered
600.916
SRR3052590.mito.filtered
276.015
SRR3052591.mito.filtered
683.409
SRR3052592.mito.filtered
719.83
SRR3052593.mito.filtered
290.488
SRR3052594.mito.filtered
402.651
SRR3052595.mito.filtered
839.056
SRR3052596.mito.filtered
532.87
SRR3052597.mito.filtered
760.509
SRR3052598.mito.filtered
419.505
SRR3052599.mito.filtered
717.751
SRR3052600.mito.filtered
943.931
SRR3052601.mito.filtered
1184.53
SRR3052602.mito.filtered
473.265
SRR3052603.mito.filtered
547.764
SRR3052604.mito.filtered
308.256
SRR3052605.mito.filtered
346.154
SRR3052606.mito.filtered
837.477
SRR3052607.mito.filtered
249.932
SRR3052608.mito.filtered
361.556
SRR3052609.mito.filtered
763.094
SRR3052610.mito.filtered
262.685
SRR3052611.mito.filtered
229.24
SRR3052612.mito.filtered
475.319
SRR3052613.mito.filtered
616.298
SRR3052614.mito.filtered
2339.16
SRR3052615.mito.filtered
452.183
SRR3052616.mito.filtered
416.877
SRR3052617.mito.filtered
879.786
SRR3052618.mito.filtered
544.252
SRR3052619.mito.filtered
668.717
SRR3052620.mito.filtered
839.994
SRR3052621.mito.filtered
282.636
SRR3052622.mito.filtered
474.532
SRR3052623.mito.filtered
1698.71
SRR3052624.mito.filtered
778.418
SRR3052625.mito.filtered
132.104
SRR3052626.mito.filtered
680.992
SRR3052627.mito.filtered
784.513
SRR3052628.mito.filtered
493.982
SRR3052629.mito.filtered
1252.31
SRR3052630.mito.filtered
754.951
SRR3052631.mito.filtered
366.874
SRR3052632.mito.filtered
388.078
SRR3052633.mito.filtered
1113.2
SRR3052634.mito.filtered
13.3216
SRR3052635.mito.filtered
603.129
SRR3052636.mito.filtered
494.101
SRR3052637.mito.filtered
359.694
SRR3052638.mito.filtered
728.258
SRR3052639.mito.filtered
659.383
SRR3052640.mito.filtered
505.523
SRR3052641.mito.filtered
626.512
SRR3052642.mito.filtered
1268.8
SRR3052643.mito.filtered
135.018
SRR3052644.mito.filtered
904.971
SRR3052645.mito.filtered
194.149
SRR3052646.mito.filtered
467.691
SRR3052647.mito.filtered
811.912
SRR3052648.mito.filtered
647.284
SRR3052649.mito.filtered
424.352
SRR3052650.mito.filtered
580.49
SRR3052651.mito.filtered
716.106
SRR3052652.mito.filtered
832.631
SRR3052653.mito.filtered
177.108
SRR3052654.mito.filtered
216
SRR3052655.mito.filtered
203.177
SRR3052656.mito.filtered
69.323
SRR3052657.mito.filtered
728.353
SRR3052658.mito.filtered
916.564
SRR3052659.mito.filtered
1253.69
SRR3052660.mito.filtered
265.411
SRR3052661.mito.filtered
866.315
SRR3052662.mito.filtered
247.278
SRR3052663.mito.filtered
247.887
SRR3052664.mito.filtered
277.148
SRR3052665.mito.filtered
192.51
SRR3052666.mito.filtered
133.389
SRR3052667.mito.filtered
579.162
SRR3052668.mito.filtered
709.678
SRR3052669.mito.filtered
1164.76
SRR3052670.mito.filtered
465.378
SRR3052671.mito.filtered
321.257
SRR3052672.mito.filtered
523.564
SRR3052673.mito.filtered
1403.58
SRR3052674.mito.filtered
85.1382
SRR3052675.mito.filtered
1297.23
SRR3052676.mito.filtered
454.018
SRR3052677.mito.filtered
530.804
SRR3052678.mito.filtered
2166.79
SRR3052679.mito.filtered
877.984
SRR3052680.mito.filtered
1559.09
SRR3052681.mito.filtered
1257.81
SRR3052682.mito.filtered
822.531
SRR3052683.mito.filtered
783.678
SRR3052684.mito.filtered
632.229
SRR3052685.mito.filtered
518.854
SRR3052686.mito.filtered
71.7917
SRR3052687.mito.filtered
652.286
SRR3052688.mito.filtered
286.502
SRR3052689.mito.filtered
753.998
SRR3052690.mito.filtered
465.253
SRR3052691.mito.filtered
410.568
SRR3052692.mito.filtered
568.593
SRR3052693.mito.filtered
582.177
SRR3052694.mito.filtered
898.669
SRR3052695.mito.filtered
978.714
SRR3052696.mito.filtered
547.74
SRR3052697.mito.filtered
439.525
SRR3052698.mito.filtered
717.865
SRR3052699.mito.filtered
854.587
SRR3052700.mito.filtered
689.352
SRR3052701.mito.filtered
1506.2
SRR3052702.mito.filtered
1206.11
SRR3052703.mito.filtered
701.667
SRR3052704.mito.filtered
524.141
SRR3052705.mito.filtered
1191.61
SRR3052706.mito.filtered
509.621
SRR3052707.mito.filtered
1512.23
SRR3052708.mito.filtered
606.079
SRR3052709.mito.filtered
435.739
SRR3052710.mito.filtered
237.603
SRR3052711.mito.filtered
303.5
SRR3052712.mito.filtered
323.496
SRR3052713.mito.filtered
1023.67
SRR3052714.mito.filtered
461.422
SRR3052715.mito.filtered
698.19
SRR3052716.mito.filtered
477.425
SRR3052717.mito.filtered
503.231
SRR3052718.mito.filtered
1030.29
SRR3052719.mito.filtered
165.745
SRR3052720.mito.filtered
276.199
SRR3052721.mito.filtered
401.029
SRR3052722.mito.filtered
546.591
SRR3052723.mito.filtered
359.01
SRR3052724.mito.filtered
499.153
SRR3052725.mito.filtered
833.154
SRR3052726.mito.filtered
716.328
SRR3052727.mito.filtered
271.639
SRR3052728.mito.filtered
796.342
SRR3052729.mito.filtered
1143.95
SRR3052730.mito.filtered
1541.98
SRR3052731.mito.filtered
497.115
SRR3052732.mito.filtered
560.268
SRR3052733.mito.filtered
484.557
SRR3052734.mito.filtered
798.318
SRR3052735.mito.filtered
726.942
SRR3052736.mito.filtered
357.797
SRR3052737.mito.filtered
742.691
SRR3052738.mito.filtered
701.376
SRR3052739.mito.filtered
889.117
SRR3052740.mito.filtered
1032.66
SRR3052741.mito.filtered
564.947
SRR3052742.mito.filtered
636.386
SRR3052743.mito.filtered
370.928
SRR3052744.mito.filtered
310.065
SRR3052745.mito.filtered
296.736
SRR3052746.mito.filtered
378.713
SRR3052747.mito.filtered
1028.05
SRR3052748.mito.filtered
475.196
SRR3052749.mito.filtered
786.263
SRR3052750.mito.filtered
424.772
SRR3052751.mito.filtered
377.33
SRR3052752.mito.filtered
809.6
SRR3052753.mito.filtered
473.035
SRR3052754.mito.filtered
905.054
SRR3052755.mito.filtered
331.212
SRR3052756.mito.filtered
356.308
SRR3052757.mito.filtered
2843.26
SRR3052758.mito.filtered
337.812
SRR3052759.mito.filtered
915.335
SRR3052760.mito.filtered
1115.3
SRR3052761.mito.filtered
448.474
SRR3052762.mito.filtered
829.426
SRR3052763.mito.filtered
541.268
SRR3052764.mito.filtered
630.508
SRR3052765.mito.filtered
708.058
SRR3052766.mito.filtered
810.395
SRR3052767.mito.filtered
46.5254
SRR3052768.mito.filtered
858.457
SRR3052769.mito.filtered
851.334
SRR3052770.mito.filtered
483.986
SRR3052771.mito.filtered
1128.02
SRR3052772.mito.filtered
862.897
SRR3052773.mito.filtered
1604.2
SRR3052774.mito.filtered
911.776
SRR3052775.mito.filtered
1021.95
SRR3052776.mito.filtered
989.694
SRR3052777.mito.filtered
943.733
SRR3052778.mito.filtered
426.222
SRR3052779.mito.filtered
1460.07
SRR3052780.mito.filtered
764.711
SRR3052781.mito.filtered
1254.34
SRR3052782.mito.filtered
691.312
SRR3052783.mito.filtered
1040.77
SRR3052784.mito.filtered
1054.01
SRR3052785.mito.filtered
822.781
SRR3052786.mito.filtered
942.512
SRR3052787.mito.filtered
277.77
SRR3052788.mito.filtered
1068.02
SRR3052789.mito.filtered
900.055
SRR3052790.mito.filtered
424.773
SRR3052791.mito.filtered
445.671
SRR3052792.mito.filtered
168.848
SRR3052793.mito.filtered
640.332
SRR3052794.mito.filtered
1070.57
SRR3052795.mito.filtered
975.039
SRR3052796.mito.filtered
517.789
SRR3052797.mito.filtered
858.194
SRR3052798.mito.filtered
945.175
SRR3052799.mito.filtered
772.972
SRR3052800.mito.filtered
686.677
SRR3052801.mito.filtered
528.19
SRR3052802.mito.filtered
616.692
SRR3052803.mito.filtered
430.642
SRR3052804.mito.filtered
564.698
SRR3052805.mito.filtered
675.516
SRR3052806.mito.filtered
1350.83
SRR3052807.mito.filtered
108.205
SRR3052808.mito.filtered
1247.92
SRR3052809.mito.filtered
778.696
SRR3052810.mito.filtered
524.297
SRR3052811.mito.filtered
1159.15
SRR3052812.mito.filtered
936.661
SRR3052813.mito.filtered
151.163
SRR3052814.mito.filtered
318.939
SRR3052815.mito.filtered
694.814
SRR3052816.mito.filtered
101.357
SRR3052817.mito.filtered
1071.86
SRR3052818.mito.filtered
362.174
SRR3052819.mito.filtered
985.381
SRR3052820.mito.filtered
701.202
SRR3052821.mito.filtered
227.302
SRR3052822.mito.filtered
735.494
SRR3052823.mito.filtered
616.293
SRR3052824.mito.filtered
446.757
SRR3052825.mito.filtered
1591.81
SRR3052826.mito.filtered
1321.49
SRR3052827.mito.filtered
1424.75
SRR3052828.mito.filtered
1389.61
SRR3052829.mito.filtered
1135.22
SRR3052830.mito.filtered
2251.72
SRR3052831.mito.filtered
873.346
SRR3052832.mito.filtered
568.703
SRR3052833.mito.filtered
1033.01
SRR3052834.mito.filtered
1029.97
SRR3052835.mito.filtered
1334.69
SRR3052836.mito.filtered
696.931
SRR3052837.mito.filtered
842.956
SRR3052838.mito.filtered
868.174
SRR3052839.mito.filtered
785.516
SRR3052840.mito.filtered
363.586
SRR3052841.mito.filtered
875.256
SRR3052842.mito.filtered
230.979
SRR3052843.mito.filtered
807.978
SRR3052844.mito.filtered
1081.93
SRR3052845.mito.filtered
1063.85
SRR3052846.mito.filtered
827.119
SRR3052847.mito.filtered
786.974
SRR3052848.mito.filtered
551.364
SRR3052849.mito.filtered
1161.65
SRR3052850.mito.filtered
1205.48
SRR3052851.mito.filtered
1112.69
SRR3052852.mito.filtered
906.365
SRR3052853.mito.filtered
762.519
SRR3052854.mito.filtered
380.954
SRR3052855.mito.filtered
660.631
SRR3052856.mito.filtered
925.534
SRR3052857.mito.filtered
1267.96
SRR3052858.mito.filtered
2422.08
SRR3052859.mito.filtered
2073.23
SRR3052860.mito.filtered
1819.13
SRR3052861.mito.filtered
718.082
SRR3052862.mito.filtered
1263.22
SRR3052863.mito.filtered
888.196
SRR3052864.mito.filtered
1083.28
SRR3052865.mito.filtered
172.666
SRR3052866.mito.filtered
1350.5
SRR3052867.mito.filtered
275.825
SRR3052868.mito.filtered
481.208
SRR3052869.mito.filtered
120.416
SRR3052870.mito.filtered
1016.96
SRR3052871.mito.filtered
406.968
SRR3052872.mito.filtered
858.182
SRR3052873.mito.filtered
1321.52
SRR3052874.mito.filtered
257.759
SRR3052875.mito.filtered
1467.64
SRR3052876.mito.filtered
956.221
SRR3052877.mito.filtered
964.989
SRR3052878.mito.filtered
956.388
SRR3052879.mito.filtered
645.282
SRR3052880.mito.filtered
1340.63
SRR3052881.mito.filtered
678.723
SRR3052882.mito.filtered
703.236
SRR3052884.mito.filtered
738.851
SRR3052885.mito.filtered
1185.2
SRR3052886.mito.filtered
1200.88
SRR3052887.mito.filtered
1650.85
SRR3052889.mito.filtered
1103.78
SRR3052890.mito.filtered
750.685
SRR3052891.mito.filtered
995.317
SRR3052892.mito.filtered
822.525
SRR3052893.mito.filtered
1078.37
SRR3052894.mito.filtered
890.974
SRR3052895.mito.filtered
1036.74
SRR3052896.mito.filtered
963.181
SRR3052897.mito.filtered
1019.44
SRR3052898.mito.filtered
1049.86
SRR3052899.mito.filtered
427.68
SRR3052900.mito.filtered
356.528
SRR3052901.mito.filtered
1133.8
SRR3052902.mito.filtered
67.8599
SRR3052903.mito.filtered
960.902
SRR3052904.mito.filtered
1383.12
SRR3052905.mito.filtered
576.275
SRR3052906.mito.filtered
1629.93
SRR3052907.mito.filtered
400.384
SRR3052908.mito.filtered
492.886
SRR3052909.mito.filtered
458.025
SRR3052910.mito.filtered
835.204
SRR3052911.mito.filtered
516.056
SRR3052912.mito.filtered
755.38
SRR3052913.mito.filtered
972.626
SRR3052914.mito.filtered
95.5055
SRR3052915.mito.filtered
337.659
SRR3052916.mito.filtered
111.812
SRR3052917.mito.filtered
211.71
SRR3052918.mito.filtered
194.983
SRR3052919.mito.filtered
221.463
SRR3052920.mito.filtered
585.074
SRR3052921.mito.filtered
687.364
SRR3052922.mito.filtered
776.635
SRR3052923.mito.filtered
228.65
SRR3052924.mito.filtered
367.342
SRR3052925.mito.filtered
767.343
SRR3052926.mito.filtered
386.571
SRR3052927.mito.filtered
425.325
SRR3052928.mito.filtered
770.875
SRR3052929.mito.filtered
770.701
SRR3052930.mito.filtered
454.654
SRR3052931.mito.filtered
426.909
SRR3052932.mito.filtered
3371.1
SRR3052933.mito.filtered
580.198
SRR3052934.mito.filtered
605.356
SRR3052935.mito.filtered
570.576
SRR3052936.mito.filtered
864.999
SRR3052937.mito.filtered
2957.35
SRR3052938.mito.filtered
306.784
SRR3052939.mito.filtered
469.019
SRR3052940.mito.filtered
947.674
SRR3052941.mito.filtered
1050.22
SRR3052942.mito.filtered
570.412
SRR3052943.mito.filtered
817.3
SRR3052944.mito.filtered
481.03
SRR3052945.mito.filtered
346.553
SRR3052946.mito.filtered
414.416
SRR3052947.mito.filtered
598.174
SRR3052948.mito.filtered
908.127
SRR3052949.mito.filtered
539.829
SRR3052950.mito.filtered
790.047
SRR3052951.mito.filtered
188.575
SRR3052952.mito.filtered
427.851
SRR3052953.mito.filtered
804.723
SRR3052954.mito.filtered
618.446
SRR3052955.mito.filtered
797.531
SRR3052956.mito.filtered
1216.76
SRR3052957.mito.filtered
558.128
SRR3052958.mito.filtered
818.928
SRR3052959.mito.filtered
352.239
SRR3052960.mito.filtered
612.244
SRR3052961.mito.filtered
476.273
SRR3052962.mito.filtered
386.874
SRR3052963.mito.filtered
77.1944
SRR3052964.mito.filtered
419.358
SRR3052965.mito.filtered
374.688
SRR3052966.mito.filtered
204.148
SRR3052967.mito.filtered
334.742
SRR3052968.mito.filtered
24.2051
SRR3052969.mito.filtered
358.125
SRR3052970.mito.filtered
2132.26
SRR3052971.mito.filtered
689.237
SRR3052972.mito.filtered
263.778
SRR3052973.mito.filtered
463.221
SRR3052974.mito.filtered
502.455
SRR3052975.mito.filtered
233.559
SRR3052976.mito.filtered
1079.13
SRR3052977.mito.filtered
118.959
SRR3052978.mito.filtered
461.661
SRR3052979.mito.filtered
641.435
SRR3052980.mito.filtered
367.699
SRR3052981.mito.filtered
505.084
SRR3052982.mito.filtered
391.08
SRR3052983.mito.filtered
3270.67
SRR3052984.mito.filtered
786.531
SRR3052985.mito.filtered
1243.34
SRR3052986.mito.filtered
1714.7
SRR3052987.mito.filtered
1481.35
SRR3052988.mito.filtered
1001.92
SRR3052989.mito.filtered
1340.9
SRR3052990.mito.filtered
1251.62
SRR3052991.mito.filtered
767.268
SRR3052992.mito.filtered
1200.81
SRR3052993.mito.filtered
1531.93
SRR3052994.mito.filtered
889.539
SRR3052995.mito.filtered
1542.76
SRR3052996.mito.filtered
2071.15
SRR3052997.mito.filtered
3539.63
SRR3052998.mito.filtered
1228.27
SRR3052999.mito.filtered
1392.32
SRR3053000.mito.filtered
1740.03
SRR3053001.mito.filtered
868.934
SRR3053002.mito.filtered
1721.77
SRR3053003.mito.filtered
1014.24
SRR3053004.mito.filtered
414.098
SRR3053005.mito.filtered
1280.8
SRR3053006.mito.filtered
582.377
SRR3053007.mito.filtered
1332.58
SRR3053008.mito.filtered
83.8304
SRR3053009.mito.filtered
287.554
SRR3053010.mito.filtered
532.77
SRR3053011.mito.filtered
486.406
SRR3053012.mito.filtered
36.2892
SRR3053013.mito.filtered
373.551
SRR3053014.mito.filtered
11.2785
SRR3053015.mito.filtered
137.131
SRR3053016.mito.filtered
863.44
SRR3053017.mito.filtered
339.602
SRR3053018.mito.filtered
857.933
SRR3053019.mito.filtered
254.588
SRR3053020.mito.filtered
1032.12
SRR3053021.mito.filtered
2168.91
SRR3053022.mito.filtered
290.505
SRR3053023.mito.filtered
308.151
SRR3053024.mito.filtered
1021.23
SRR3053025.mito.filtered
253.948
SRR3053026.mito.filtered
384.468
SRR3053027.mito.filtered
818.478
SRR3053028.mito.filtered
501.446
SRR3053029.mito.filtered
565.039
SRR3053030.mito.filtered
171.6
SRR3053031.mito.filtered
2196.4
SRR3053032.mito.filtered
399.918
SRR3053033.mito.filtered
795.778
SRR3053034.mito.filtered
821.317
SRR3053035.mito.filtered
641.718
SRR3053036.mito.filtered
725.448
SRR3053037.mito.filtered
1081.36
SRR3053038.mito.filtered
1001.63
SRR3053039.mito.filtered
2298.96
SRR3053040.mito.filtered
542.061
SRR3053041.mito.filtered
1046.68
SRR3053042.mito.filtered
739.31
SRR3053043.mito.filtered
407.843
SRR3053044.mito.filtered
222.957
SRR3053045.mito.filtered
739.705
SRR3053046.mito.filtered
3392.26
SRR3053047.mito.filtered
793.117
SRR3053048.mito.filtered
799.151
SRR3053049.mito.filtered
896.917
SRR3053050.mito.filtered
1934.83
SRR3053051.mito.filtered
968.835
SRR3053052.mito.filtered
852.839
SRR3053053.mito.filtered
1150.56
SRR3053054.mito.filtered
247.158
SRR3053055.mito.filtered
20.0932
SRR3053056.mito.filtered
426.482
SRR3053057.mito.filtered
1134.24
SRR3053058.mito.filtered
248.117
SRR3053059.mito.filtered
1152.34
SRR3053060.mito.filtered
409.681
SRR3053061.mito.filtered
1096.13
SRR3053062.mito.filtered
902.613
SRR3053063.mito.filtered
1312.85
SRR3053064.mito.filtered
474.219
SRR3053065.mito.filtered
318.858
SRR3053066.mito.filtered
872.974
SRR3053067.mito.filtered
329.739
SRR3053068.mito.filtered
249.085
SRR3053069.mito.filtered
838.309
SRR3053070.mito.filtered
105.178
SRR3053071.mito.filtered
156.576
SRR3053072.mito.filtered
398.894
SRR3053073.mito.filtered
22.4908
SRR3053074.mito.filtered
326.92
SRR3053075.mito.filtered
476.813
SRR3053076.mito.filtered
895.216
SRR3053077.mito.filtered
513.033
SRR3053078.mito.filtered
1488.49
SRR3053079.mito.filtered
1680.37
SRR3053080.mito.filtered
330.275
SRR3053081.mito.filtered
1098.32
SRR3053082.mito.filtered
516.398
SRR3053083.mito.filtered
537.721
SRR3053084.mito.filtered
25.8476
SRR3053085.mito.filtered
669.144
SRR3053086.mito.filtered
428.296
SRR3053087.mito.filtered
1173.41
SRR3053088.mito.filtered
858.164
SRR3053089.mito.filtered
974.143
SRR3053090.mito.filtered
1742.18
SRR3053091.mito.filtered
1094.63
SRR3053092.mito.filtered
342.787
SRR3053093.mito.filtered
113.014
SRR3053094.mito.filtered
1193.43
SRR3053095.mito.filtered
1597.14
SRR3053096.mito.filtered
777.74
SRR3053097.mito.filtered
493.726
SRR3053098.mito.filtered
1068.37
SRR3053099.mito.filtered
667.31
SRR3053100.mito.filtered
829.356
SRR3053101.mito.filtered
235.463
SRR3053102.mito.filtered
380.029
SRR3053103.mito.filtered
708.159
SRR3053104.mito.filtered
357.266
SRR3053105.mito.filtered
1955.32
SRR3053106.mito.filtered
735.002
SRR3053107.mito.filtered
1484.55
SRR3053108.mito.filtered
2560.9
SRR3053109.mito.filtered
532.669
SRR3053110.mito.filtered
2665.76
SRR3053111.mito.filtered
2591.07
SRR3053112.mito.filtered
1242.69
SRR3053113.mito.filtered
866.762
SRR3053114.mito.filtered
1563.38
SRR3053115.mito.filtered
1718.52
SRR3053116.mito.filtered
3905.08
SRR3053117.mito.filtered
683.652
SRR3053118.mito.filtered
1538.44
SRR3053119.mito.filtered
1251.52
SRR3053120.mito.filtered
1260.18
SRR3053121.mito.filtered
763.621
SRR3053122.mito.filtered
655.84
SRR3053123.mito.filtered
1333.36
SRR3053124.mito.filtered
309.308
SRR3053125.mito.filtered
838.636
SRR3053126.mito.filtered
194.51
SRR3053127.mito.filtered
799.152
SRR3053128.mito.filtered
2038.57
SRR3053129.mito.filtered
727.584
SRR3053130.mito.filtered
1038.01
SRR3053131.mito.filtered
811.498
SRR3053132.mito.filtered
844.803
SRR3053133.mito.filtered
1384.98
SRR3053134.mito.filtered
1308.27
SRR3053135.mito.filtered
3640.28
SRR3053136.mito.filtered
3265.45
SRR5289790.mito.filtered
1388.53
SRR5289791.mito.filtered
1291.39
SRR5289792.mito.filtered
1889.42
SRR5289793.mito.filtered
879.461
SRR5289794.mito.filtered
1413.76
SRR5289795.mito.filtered
555.787
SRR5289796.mito.filtered
404.464
SRR5289797.mito.filtered
1691.24
SRR5289798.mito.filtered
667.207
SRR5289799.mito.filtered
1300.1
SRR5289800.mito.filtered
2123.08
SRR5289801.mito.filtered
1034.36
SRR5289802.mito.filtered
754.886
SRR5289803.mito.filtered
590.69
SRR5289804.mito.filtered
1043.93
SRR5289805.mito.filtered
1728.9
SRR5289806.mito.filtered
1154.23
SRR5289807.mito.filtered
888.562
SRR5289808.mito.filtered
616.582
SRR5289809.mito.filtered
691.429
SRR5289810.mito.filtered
1301.04
SRR5289811.mito.filtered
849.816
SRR5289812.mito.filtered
584.579
SRR5289813.mito.filtered
1257.84
SRR5289814.mito.filtered
857.299
SRR5289815.mito.filtered
1810.7
SRR5289816.mito.filtered
1311.93
SRR5289817.mito.filtered
553.565
SRR5289818.mito.filtered
1671.23
SRR5289819.mito.filtered
1043.64
SRR5289820.mito.filtered
736.206
SRR5289821.mito.filtered
921.319
SRR5289822.mito.filtered
968.716
SRR5289823.mito.filtered
734.107
SRR5289824.mito.filtered
898.669
SRR5289825.mito.filtered
761.041
SRR5289826.mito.filtered
746.212
SRR5289827.mito.filtered
866.23
SRR5289828.mito.filtered
715.62
SRR5289829.mito.filtered
1571.79
SRR5289830.mito.filtered
770.61
SRR5289831.mito.filtered
815.558
SRR5289832.mito.filtered
728.603
SRR5289833.mito.filtered
911.393
SRR5289834.mito.filtered
1301.61
SRR5289835.mito.filtered
829.511
SRR5289836.mito.filtered
1073.19
SRR5289837.mito.filtered
1380.93
SRR5289838.mito.filtered
747.178
SRR5289839.mito.filtered
345.459
SRR5289840.mito.filtered
775.92
SRR5289841.mito.filtered
555.521
SRR5289842.mito.filtered
771.964
SRR5289843.mito.filtered
1309.87
SRR5289844.mito.filtered
1215.04
SRR5289845.mito.filtered
431.044
SRR5289846.mito.filtered
951.938
SRR5289847.mito.filtered
548.001
SRR5289848.mito.filtered
617.747
SRR5289849.mito.filtered
808.497
SRR5289850.mito.filtered
1004.34
SRR5289851.mito.filtered
846.655
SRR5289852.mito.filtered
714.741
SRR5289853.mito.filtered
878.12
SRR5289854.mito.filtered
1378.1
SRR5289855.mito.filtered
375.34
SRR5289856.mito.filtered
725.605
SRR5289857.mito.filtered
272.767
SRR5289858.mito.filtered
575.314
SRR5289859.mito.filtered
520.61
SRR5289860.mito.filtered
478.752
SRR5289861.mito.filtered
403.855
SRR5289862.mito.filtered
2009.62
SRR5289863.mito.filtered
1846.74
SRR5289864.mito.filtered
1677.95
SRR5289865.mito.filtered
2055.44
SRR5289866.mito.filtered
1408.05
SRR5289867.mito.filtered
1303.1
SRR5289868.mito.filtered
2125.52
SRR5289869.mito.filtered
1391.48
SRR5289870.mito.filtered
1776.19
SRR5289871.mito.filtered
1854.83
SRR5289872.mito.filtered
2385.49
SRR5289873.mito.filtered
1347.79
SRR5289874.mito.filtered
1854.83
SRR5289875.mito.filtered
1575.65
SRR5289876.mito.filtered
2369.22
SRR5289877.mito.filtered
1395.15
SRR5289878.mito.filtered
956.941
SRR5289879.mito.filtered
1072.37
SRR5289880.mito.filtered
1621.27
SRR5289881.mito.filtered
1529.64
SRR5289882.mito.filtered
2072.67
SRR5289883.mito.filtered
1020.88
SRR5289884.mito.filtered
1644.82
SRR5289885.mito.filtered
2360.43
SRR5289886.mito.filtered
917.242
SRR5289887.mito.filtered
873.46
SRR5289888.mito.filtered
1434.77
SRR5289889.mito.filtered
444.259
SRR5289890.mito.filtered
1535.92
SRR5289891.mito.filtered
901.769
SRR5289892.mito.filtered
1130.72
SRR5289893.mito.filtered
1469.34
SRR5289894.mito.filtered
2213.85
SRR5289895.mito.filtered
1123.57
SRR5289896.mito.filtered
2287.68
SRR5289897.mito.filtered
586.682
SRR5289898.mito.filtered
743.554
SRR5289899.mito.filtered
2311.05
SRR5289900.mito.filtered
1648.87
SRR5289901.mito.filtered
2053.62
SRR5289902.mito.filtered
3138.41
SRR5289903.mito.filtered
1969.78
SRR5289904.mito.filtered
2538.24
SRR5289905.mito.filtered
159.343
SRR5289906.mito.filtered
793.495
SRR5289907.mito.filtered
639.638
SRR5289908.mito.filtered
948.83
SRR5289909.mito.filtered
301.711
SRR5289910.mito.filtered
353.685
SRR5289911.mito.filtered
467.146
SRR5289912.mito.filtered
1236.24
SRR5289913.mito.filtered
1008.35
SRR5289914.mito.filtered
1087.04
SRR5289915.mito.filtered
644.295
SRR5289916.mito.filtered
293.859
SRR5289917.mito.filtered
80.4901
SRR5289918.mito.filtered
834.468
SRR5289919.mito.filtered
654.423
SRR5289920.mito.filtered
419.915
SRR5289921.mito.filtered
876.867
SRR5289922.mito.filtered
1032.72
SRR5289923.mito.filtered
932.666
SRR5289924.mito.filtered
928.154
SRR5289925.mito.filtered
767.252
SRR5289926.mito.filtered
750.462
SRR5289927.mito.filtered
681.566
SRR5289928.mito.filtered
1480.08
SRR5289929.mito.filtered
375.906
SRR5289930.mito.filtered
1421.88
SRR5289931.mito.filtered
767.794
SRR5289932.mito.filtered
503.374
SRR5289933.mito.filtered
804.817
SRR5289934.mito.filtered
539.443
SRR5289935.mito.filtered
934.683
SRR5289936.mito.filtered
547.103
SRR5289937.mito.filtered
1554.47
SRR5289938.mito.filtered
1336.15
SRR5289939.mito.filtered
1494.93
SRR5289940.mito.filtered
1597.23
SRR5289941.mito.filtered
655.521
SRR5289942.mito.filtered
758.761
SRR5289943.mito.filtered
436.558
SRR5289944.mito.filtered
678.465
SRR5289945.mito.filtered
1062.1
SRR5289946.mito.filtered
569.731
SRR5289947.mito.filtered
598.432
SRR5289948.mito.filtered
914.387
SRR5289949.mito.filtered
464.451
SRR5289950.mito.filtered
882.393
SRR5289951.mito.filtered
580.343
SRR5289952.mito.filtered
311.85
SRR5289953.mito.filtered
487.378
SRR5289954.mito.filtered
658.435
SRR5289955.mito.filtered
286.258
SRR5289956.mito.filtered
222.395
SRR5289957.mito.filtered
1972.47
SRR5289958.mito.filtered
400.332
SRR5289959.mito.filtered
323.232
SRR5289960.mito.filtered
931.742
SRR5289961.mito.filtered
366.623
SRR5289962.mito.filtered
488.375
SRR5289963.mito.filtered
605.349
SRR5289964.mito.filtered
437.841
SRR5289965.mito.filtered
546.795
SRR5289966.mito.filtered
624.641
SRR5289967.mito.filtered
236.856
SRR5289968.mito.filtered
620.738
SRR5289969.mito.filtered
650.146
SRR5289970.mito.filtered
702.182
SRR5289971.mito.filtered
521.152
SRR5289972.mito.filtered
371.498
SRR5289973.mito.filtered
369.367
SRR5289974.mito.filtered
684.844
SRR5289975.mito.filtered
1152.01
SRR5289976.mito.filtered
1188.81
SRR5289977.mito.filtered
1156.9
SRR5289978.mito.filtered
833.296
SRR5289979.mito.filtered
1457.64
SRR5289980.mito.filtered
1219.1
SRR5289981.mito.filtered
1639.58
SRR5289982.mito.filtered
1044.36
SRR5289983.mito.filtered
775.031
SRR5289984.mito.filtered
1081.13
SRR5289985.mito.filtered
1053.85
SRR5289986.mito.filtered
1081.71
SRR5289987.mito.filtered
711.334
SRR5289988.mito.filtered
485.272
SRR5289989.mito.filtered
876.689
SRR5289990.mito.filtered
1253.21
SRR5289991.mito.filtered
1302.98
SRR5289992.mito.filtered
1639.7
SRR5289993.mito.filtered
887.271
SRR5289994.mito.filtered
1506.04
SRR5289995.mito.filtered
874.508
SRR5289996.mito.filtered
1557.79
SRR5289997.mito.filtered
523.092
SRR5289998.mito.filtered
1462.9
SRR5289999.mito.filtered
433.038
SRR5290000.mito.filtered
1408.88
SRR5290001.mito.filtered
1397.05
SRR5290002.mito.filtered
635.294
SRR5290003.mito.filtered
408.01
SRR5290004.mito.filtered
687.949
SRR5290005.mito.filtered
698.862
SRR5290006.mito.filtered
1065.43
SRR5290007.mito.filtered
1856.75
SRR5290008.mito.filtered
879.799
SRR5290009.mito.filtered
413.935
SRR5290010.mito.filtered
526.967
SRR5290011.mito.filtered
530.171
SRR5290012.mito.filtered
693.468
SRR5290013.mito.filtered
651.683
SRR5290014.mito.filtered
369.897
SRR5290015.mito.filtered
749.156
SRR5290016.mito.filtered
904.433
SRR5290017.mito.filtered
388.07
SRR5290018.mito.filtered
292.08
SRR5290019.mito.filtered
1994.12
SRR5290020.mito.filtered
663.752
SRR5290021.mito.filtered
569.302
SRR5290022.mito.filtered
653.261
SRR5290023.mito.filtered
667.986
SRR5290024.mito.filtered
343.003
SRR5290025.mito.filtered
177.835
SRR5290026.mito.filtered
1188.31
SRR5290027.mito.filtered
445.17
SRR5290028.mito.filtered
976.203
SRR5290029.mito.filtered
924.312
SRR5290030.mito.filtered
655.362
SRR5290031.mito.filtered
305.661
SRR5290032.mito.filtered
596.407
SRR5290033.mito.filtered
1158.99
SRR5290034.mito.filtered
405.248
SRR5290035.mito.filtered
402.432
SRR5290036.mito.filtered
683.93
SRR5290037.mito.filtered
601.152
SRR5290038.mito.filtered
969.001
SRR5290039.mito.filtered
498.246
SRR5290040.mito.filtered
726.018
SRR5290041.mito.filtered
1074.34
SRR5290042.mito.filtered
936.217
SRR5290043.mito.filtered
640.206
SRR5290044.mito.filtered
487.978
SRR5290045.mito.filtered
745.373
SRR5290046.mito.filtered
741.281
SRR5290047.mito.filtered
143.45
SRR5290048.mito.filtered
235.082
SRR5290049.mito.filtered
961.882
SRR5290050.mito.filtered
1042.17
SRR5290051.mito.filtered
924.446
SRR5290052.mito.filtered
898.201
SRR5290053.mito.filtered
1679.28
SRR5290054.mito.filtered
1214.29
SRR5290055.mito.filtered
820.646
SRR5290056.mito.filtered
904.112
SRR5290057.mito.filtered
732.493
SRR5290058.mito.filtered
1100.24
SRR5290059.mito.filtered
1181.18
SRR5290060.mito.filtered
628.684
SRR5290061.mito.filtered
787.176
SRR5290062.mito.filtered
1159.19
SRR5290063.mito.filtered
767.635
SRR5290064.mito.filtered
930.795
SRR5290065.mito.filtered
762.551
SRR5290066.mito.filtered
512.76
SRR5290067.mito.filtered
964.469
SRR5290068.mito.filtered
1572.57
SRR5290069.mito.filtered
855.078
SRR5290070.mito.filtered
570.162
SRR5290071.mito.filtered
1247.32
SRR5290072.mito.filtered
730.28
SRR5290073.mito.filtered
901.451
SRR5290074.mito.filtered
560.65
SRR5290075.mito.filtered
412.752
SRR5290076.mito.filtered
403.158
SRR5290077.mito.filtered
467.15
SRR5290078.mito.filtered
811.364
SRR5290079.mito.filtered
399.912
SRR5290080.mito.filtered
1326.29
SRR5290081.mito.filtered
1139.04
SRR5290082.mito.filtered
835.545
SRR5290083.mito.filtered
1117.39
SRR5290084.mito.filtered
873.095
SRR5290085.mito.filtered
1682.54
SRR5290086.mito.filtered
314.465
SRR5290087.mito.filtered
1150.5
SRR5290088.mito.filtered
905.125
SRR5290089.mito.filtered
410.783
SRR5290090.mito.filtered
671.622
SRR5290091.mito.filtered
491.368
SRR5290092.mito.filtered
1140.55
SRR5290093.mito.filtered
1059.45
SRR5290094.mito.filtered
445.644
SRR5290095.mito.filtered
711.791
SRR5290096.mito.filtered
521.366
SRR5290097.mito.filtered
517.679
SRR5290098.mito.filtered
711.577
SRR5290099.mito.filtered
736.165
SRR5290100.mito.filtered
576.672
SRR5290101.mito.filtered
1104.77
SRR5290102.mito.filtered
482.588
SRR5290103.mito.filtered
437.189
SRR5290104.mito.filtered
1062.87
SRR5290105.mito.filtered
1432.41
SRR5290106.mito.filtered
1427.11
SRR5290107.mito.filtered
1158.18
SRR5290108.mito.filtered
1221.64
SRR5290109.mito.filtered
1108.24
SRR5290110.mito.filtered
1539.15
SRR5290111.mito.filtered
1867.38
SRR5290112.mito.filtered
1490.36
SRR5290113.mito.filtered
1171.41
SRR5290114.mito.filtered
1300.69
SRR5290115.mito.filtered
1301.55
SRR5290116.mito.filtered
891.541
SRR5290117.mito.filtered
1851.79
SRR5290118.mito.filtered
1121.08
SRR5290119.mito.filtered
1049.51
SRR5290120.mito.filtered
1189.54
SRR5290121.mito.filtered
1480.01
SRR5290122.mito.filtered
469.305
SRR5290123.mito.filtered
557.822
SRR5290124.mito.filtered
125.423
SRR5290125.mito.filtered
1117.99
SRR5290126.mito.filtered
372.624
SRR5290127.mito.filtered
387.27
SRR5290128.mito.filtered
472.649
SRR5290129.mito.filtered
287.974
SRR5290130.mito.filtered
414.222
SRR5290131.mito.filtered
677.692
SRR5290132.mito.filtered
219.855
SRR5290133.mito.filtered
347.022
SRR5290134.mito.filtered
782.129
SRR5290135.mito.filtered
400.365
SRR5290136.mito.filtered
536.669
SRR5290137.mito.filtered
411.339
SRR5290138.mito.filtered
221.603
SRR5290139.mito.filtered
687.313
SRR5290140.mito.filtered
629.091
SRR5290141.mito.filtered
616.078
SRR5290142.mito.filtered
691.111
SRR5290143.mito.filtered
1183.26
SRR5290144.mito.filtered
558.948
SRR5290145.mito.filtered
1311.3
SRR5290146.mito.filtered
909.639
SRR5290147.mito.filtered
483.18
SRR5290148.mito.filtered
538.14
SRR5290149.mito.filtered
1451.05
SRR5290150.mito.filtered
1132.26
SRR5290151.mito.filtered
737.66
SRR5290152.mito.filtered
1353.73
SRR5290153.mito.filtered
706.516
SRR5290154.mito.filtered
510.453
SRR5290155.mito.filtered
901.292
SRR5290156.mito.filtered
762.143
SRR5290157.mito.filtered
626.9
SRR5290158.mito.filtered
440.135
SRR5290159.mito.filtered
663.005
SRR5290160.mito.filtered
495.019
SRR5290161.mito.filtered
363.806
SRR5290162.mito.filtered
944.11
SRR5290163.mito.filtered
1016.45
SRR5290164.mito.filtered
496.298
SRR5290165.mito.filtered
460.038
SRR5290166.mito.filtered
328.052
SRR5290167.mito.filtered
514.906
SRR5290168.mito.filtered
323.781
SRR5290169.mito.filtered
636.33
SRR5290170.mito.filtered
42.0842
SRR5290171.mito.filtered
605.045
SRR5290172.mito.filtered
987.717
SRR5290173.mito.filtered
522.104
SRR5290174.mito.filtered
222.568
SRR5290175.mito.filtered
105.412
SRR5290176.mito.filtered
836.944
SRR5290177.mito.filtered
1414.64
SRR5290178.mito.filtered
886.282
SRR5290179.mito.filtered
978.65
SRR5290180.mito.filtered
343.446
SRR5290181.mito.filtered
498.612
SRR5290182.mito.filtered
753.754
SRR5290183.mito.filtered
622.12
SRR5290184.mito.filtered
589.491
SRR5290185.mito.filtered
242.129
SRR5290186.mito.filtered
409.465
SRR5290187.mito.filtered
960.535
SRR5290188.mito.filtered
539.436
SRR5290189.mito.filtered
999.017
SRR5290190.mito.filtered
670.699
SRR5290191.mito.filtered
1500.47
SRR5290192.mito.filtered
486.176
SRR5290193.mito.filtered
664.002
SRR5290194.mito.filtered
431.464
SRR5290195.mito.filtered
991.044
SRR5290196.mito.filtered
470.074
SRR5290197.mito.filtered
1076.75
SRR5290198.mito.filtered
424.392
SRR5290199.mito.filtered
231.341
SRR5290200.mito.filtered
618.332
SRR5290201.mito.filtered
231.56
SRR5290202.mito.filtered
517.69
SRR5290203.mito.filtered
645.652
SRR5290204.mito.filtered
1085.32
SRR5290205.mito.filtered
778.569
SRR5290206.mito.filtered
926.514
SRR5290207.mito.filtered
387.599
SRR5290208.mito.filtered
321.252
SRR5290209.mito.filtered
924.559
SRR5290210.mito.filtered
76.0119
SRR5290211.mito.filtered
883.716
SRR5290212.mito.filtered
70.2962
SRR5290213.mito.filtered
681.733
SRR5290214.mito.filtered
1726.16
SRR5290215.mito.filtered
2166.39
SRR5290216.mito.filtered
1361.12
SRR5290217.mito.filtered
434.178
SRR5290218.mito.filtered
320.446
SRR5290219.mito.filtered
4094.87
SRR5290220.mito.filtered
846.531
SRR5290221.mito.filtered
141.181
SRR5290222.mito.filtered
1257.87
SRR5290223.mito.filtered
631.983
SRR5290224.mito.filtered
1629.82
SRR5290225.mito.filtered
677.871
SRR5290226.mito.filtered
1871.45
SRR5290227.mito.filtered
1329.74
SRR5290228.mito.filtered
721.678
SRR5290229.mito.filtered
2231.35
SRR5290230.mito.filtered
2654.31
SRR5290231.mito.filtered
1395
SRR5290232.mito.filtered
708.357
SRR5290233.mito.filtered
3498.68
SRR5290234.mito.filtered
1347.39
SRR5290235.mito.filtered
709.158
SRR5290236.mito.filtered
787.155
SRR5290237.mito.filtered
1065.81
SRR5290238.mito.filtered
437.192
SRR5290239.mito.filtered
774.513
SRR5290240.mito.filtered
1260.76
SRR5290241.mito.filtered
1112.32
SRR5290242.mito.filtered
354.669
SRR5290243.mito.filtered
511.739
SRR5290244.mito.filtered
823.551
SRR5290245.mito.filtered
808.671
SRR5290246.mito.filtered
645.13
SRR5290247.mito.filtered
487.814
SRR5290248.mito.filtered
980.761
SRR5290249.mito.filtered
1951.42
SRR5290250.mito.filtered
764.453
SRR5290251.mito.filtered
841.246
SRR5290252.mito.filtered
635.144
SRR5290253.mito.filtered
909.763
SRR5290254.mito.filtered
895.544
SRR5290255.mito.filtered
788.541
SRR5290256.mito.filtered
1034.87
SRR5290257.mito.filtered
794.279
SRR5290258.mito.filtered
745.32
SRR5290259.mito.filtered
921.615
SRR5290260.mito.filtered
406.288
SRR5290261.mito.filtered
184.637
SRR5290262.mito.filtered
1492.95
SRR5290263.mito.filtered
1016.34
SRR5290264.mito.filtered
575.214
SRR5290265.mito.filtered
1236.84
SRR5290266.mito.filtered
1039.24
SRR5290267.mito.filtered
571.287
SRR5290268.mito.filtered
1146.52
SRR5290269.mito.filtered
428.86
SRR5290270.mito.filtered
1434.29
SRR5290271.mito.filtered
1268.97
SRR5290272.mito.filtered
845.293
SRR5290273.mito.filtered
1408.25
SRR5290274.mito.filtered
766.555
SRR5290275.mito.filtered
653.756
SRR5290276.mito.filtered
1021.92
SRR5290277.mito.filtered
1030.56
SRR5290278.mito.filtered
116.321
SRR5290279.mito.filtered
822.52
SRR5290280.mito.filtered
972.551
SRR5290281.mito.filtered
966.928
SRR5290282.mito.filtered
1879.47
SRR5290283.mito.filtered
1031.49
SRR5290284.mito.filtered
359.502
SRR5290285.mito.filtered
710.126
SRR5290286.mito.filtered
1321.01
SRR5290287.mito.filtered
2630.93
SRR5290288.mito.filtered
927.253
SRR5290289.mito.filtered
576.016
SRR5290290.mito.filtered
1944.51
SRR5290291.mito.filtered
1047.37
SRR5290292.mito.filtered
1695.58
SRR5290293.mito.filtered
1702.96
SRR5290294.mito.filtered
850.224
SRR5290295.mito.filtered
1014.86
SRR5290296.mito.filtered
385.724
SRR5290297.mito.filtered
1067.12
SRR5290298.mito.filtered
798.087
SRR5290299.mito.filtered
854.294
SRR5290300.mito.filtered
1461.52
SRR5290301.mito.filtered
1077.67
SRR5290302.mito.filtered
980.672
SRR5290303.mito.filtered
533.098
SRR5290304.mito.filtered
521.137
SRR5290305.mito.filtered
1743.92
SRR5290306.mito.filtered
834.852
SRR5290307.mito.filtered
686.16
SRR5290308.mito.filtered
2034.43
SRR5290309.mito.filtered
870.975
SRR5290310.mito.filtered
765.286
SRR5290311.mito.filtered
539.628
SRR5290312.mito.filtered
1876.91
SRR5290313.mito.filtered
808.918
SRR5290314.mito.filtered
1191.7
SRR5290315.mito.filtered
706.428
SRR5290316.mito.filtered
638.722
SRR5290317.mito.filtered
934.076
SRR5290318.mito.filtered
1192.04
SRR5290319.mito.filtered
1246.02
SRR5290320.mito.filtered
1090.68
SRR5290321.mito.filtered
1434.68
SRR5290322.mito.filtered
1795.29
SRR5290323.mito.filtered
813.475
SRR5290324.mito.filtered
404.858
SRR5290325.mito.filtered
742.229
SRR5290326.mito.filtered
634.374
SRR5290327.mito.filtered
764.962
SRR5290328.mito.filtered
429.348
SRR5290329.mito.filtered
687.128
SRR5290330.mito.filtered
613.637
SRR5290331.mito.filtered
330.018
SRR5290332.mito.filtered
649.874
SRR5290333.mito.filtered
555.411
SRR5290334.mito.filtered
434.99
SRR5290335.mito.filtered
239.702
SRR5290336.mito.filtered
426.291
SRR5290337.mito.filtered
481.884
SRR5290338.mito.filtered
832.16
SRR5290339.mito.filtered
1301.74
SRR5290340.mito.filtered
800.839
SRR5290341.mito.filtered
427.394
SRR5290342.mito.filtered
1141.05
SRR5290343.mito.filtered
1091.4
SRR5290344.mito.filtered
1128.43
SRR5290345.mito.filtered
1081.32
SRR5290346.mito.filtered
698.544
SRR5290347.mito.filtered
596.616
SRR5290348.mito.filtered
909.408
SRR5290349.mito.filtered
1109.3
SRR5290350.mito.filtered
790.139
SRR5290351.mito.filtered
473.721
SRR5290352.mito.filtered
1492.26
SRR5290353.mito.filtered
618.466
SRR5290354.mito.filtered
506.925
SRR5290355.mito.filtered
1211.85
SRR5290356.mito.filtered
428.256
SRR5290357.mito.filtered
455.036
SRR5290358.mito.filtered
718.898
SRR5290359.mito.filtered
519.716
SRR5290360.mito.filtered
332.907
SRR5290361.mito.filtered
694.483
SRR5290362.mito.filtered
992.781
SRR5290363.mito.filtered
933.995
SRR5290364.mito.filtered
463.808
SRR5290365.mito.filtered
532.361
SRR5290366.mito.filtered
1157.71
SRR5290367.mito.filtered
632.123
SRR5290368.mito.filtered
1072.7
SRR5290369.mito.filtered
318.477
SRR5290370.mito.filtered
1029.27
SRR5290371.mito.filtered
890.663
SRR5290372.mito.filtered
339.847
SRR5290373.mito.filtered
318.446
SRR5290374.mito.filtered
392.535
SRR5290375.mito.filtered
481.948
SRR5290376.mito.filtered
401.761
SRR5290377.mito.filtered
522.33
SRR5290378.mito.filtered
297.64
SRR5290379.mito.filtered
378.975
SRR5290380.mito.filtered
357.341
SRR5290381.mito.filtered
1337
SRR5290382.mito.filtered
1835.08
SRR5290383.mito.filtered
1118.92
SRR5290384.mito.filtered
940.234
SRR5290385.mito.filtered
1734.61
SRR5290386.mito.filtered
1223.81
SRR5290387.mito.filtered
763.466
SRR5290388.mito.filtered
1711.73
SRR5290389.mito.filtered
1164.46
SRR5290390.mito.filtered
1079.82
SRR5290391.mito.filtered
827.295
SRR5290392.mito.filtered
824.992
SRR5290393.mito.filtered
1600.72
SRR5290394.mito.filtered
825.801
SRR5290395.mito.filtered
829.155
SRR5290396.mito.filtered
1180.34
SRR5290397.mito.filtered
1885.95
SRR5290398.mito.filtered
953.213
SRR5290399.mito.filtered
666.896
SRR5290400.mito.filtered
2178.13
SRR5290401.mito.filtered
944.825
SRR5290402.mito.filtered
1262.49
SRR5290403.mito.filtered
2676.6
SRR5290404.mito.filtered
1107.18
SRR5290405.mito.filtered
2108.37
SRR5290406.mito.filtered
1162.8
SRR5290407.mito.filtered
1150.33
SRR5290408.mito.filtered
1065.49
SRR5290409.mito.filtered
1426.51
SRR5290410.mito.filtered
940.883
SRR5290411.mito.filtered
455.498
SRR5290412.mito.filtered
558.42
SRR5290413.mito.filtered
532.249
SRR5290414.mito.filtered
925.58
SRR5290415.mito.filtered
879.337
SRR5290416.mito.filtered
647.219
SRR5290417.mito.filtered
828.216
SRR5290418.mito.filtered
2077.75
SRR5290419.mito.filtered
832.827
SRR5290420.mito.filtered
820.119
SRR5290421.mito.filtered
1038.88
SRR5290422.mito.filtered
746.948
SRR5290423.mito.filtered
592.499
SRR5290424.mito.filtered
432.048
SRR5290425.mito.filtered
1482.33
SRR5290426.mito.filtered
609.05
SRR5290427.mito.filtered
937.24
SRR5290428.mito.filtered
1832.64
SRR5290429.mito.filtered
2098.56
SRR5290430.mito.filtered
1926
SRR5290431.mito.filtered
2061.12
SRR5290432.mito.filtered
931.034
SRR5290433.mito.filtered
1395.16
SRR5290434.mito.filtered
770.245
SRR5290435.mito.filtered
564.893
SRR5290436.mito.filtered
748.866
SRR5290437.mito.filtered
286.561
SRR5290438.mito.filtered
962.572
SRR5290439.mito.filtered
1870.03
SRR5290440.mito.filtered
496.253
SRR5290441.mito.filtered
2791.2
SRR5290442.mito.filtered
1964.15
SRR5290443.mito.filtered
1597.68
SRR5290444.mito.filtered
2199.97
SRR5290445.mito.filtered
1325.5
SRR5290446.mito.filtered
2861.51
SRR5290447.mito.filtered
1818.53
SRR5290448.mito.filtered
2085.12
SRR5290449.mito.filtered
1737.43
SRR5290450.mito.filtered
1944.83
SRR5290451.mito.filtered
2163.48
SRR5290452.mito.filtered
2042.14
SRR5290453.mito.filtered
1546.37
SRR5290454.mito.filtered
1156.24
SRR5290455.mito.filtered
989.521
SRR5290456.mito.filtered
1102.72
SRR5290457.mito.filtered
1968.8
SRR5290458.mito.filtered
1277.72
SRR5290459.mito.filtered
1523.41
SRR5290460.mito.filtered
2741.56
SRR5290461.mito.filtered
1791.08
SRR5290462.mito.filtered
1233.19
SRR5290463.mito.filtered
1120.79
SRR5290464.mito.filtered
1194.09
SRR5290465.mito.filtered
1130.76
SRR5290466.mito.filtered
2128.58
SRR5290467.mito.filtered
1869.18
SRR5290468.mito.filtered
2349.56
SRR5290469.mito.filtered
2400.46
SRR5290470.mito.filtered
1275.73
SRR5290471.mito.filtered
2383.41
SRR5290472.mito.filtered
1739.8
SRR5290473.mito.filtered
1240.49
SRR5290474.mito.filtered
1195.16
SRR5290475.mito.filtered
1405.31
SRR5290476.mito.filtered
2092.19
SRR5290477.mito.filtered
883.555
SRR5290478.mito.filtered
2042.08
SRR5290479.mito.filtered
528.727
SRR5290480.mito.filtered
1427.35
SRR5290481.mito.filtered
886.158
SRR5290482.mito.filtered
1618.76
SRR5290483.mito.filtered
1413.29
SRR5290484.mito.filtered
1315.98
SRR5290485.mito.filtered
2103.26
SRR5290486.mito.filtered
2009.11
SRR5290487.mito.filtered
2141.42
SRR5290488.mito.filtered
1396.89
SRR5290489.mito.filtered
788.584
SRR5290490.mito.filtered
2156
SRR5290491.mito.filtered
1223.78
SRR5290492.mito.filtered
1012.32
SRR5290493.mito.filtered
1432.38
SRR5290494.mito.filtered
1343.59
SRR5290495.mito.filtered
2326.68
SRR5290496.mito.filtered
1029.12
SRR5290497.mito.filtered
2052.77
SRR5290498.mito.filtered
1524.78
SRR5290499.mito.filtered
1479.28
SRR5290500.mito.filtered
1509.31
SRR5290501.mito.filtered
2273.44
SRR5290502.mito.filtered
713.709
SRR5290503.mito.filtered
2205.29
SRR5290504.mito.filtered
1924.44
SRR5290505.mito.filtered
1200.3
SRR5290506.mito.filtered
861.439
SRR5290507.mito.filtered
1051.1
SRR5290508.mito.filtered
568.056
SRR5290509.mito.filtered
2122.34
SRR5290510.mito.filtered
1266.24
SRR5290511.mito.filtered
663.389
SRR5290512.mito.filtered
1380.45
SRR5290513.mito.filtered
1994.12
SRR5290514.mito.filtered
2304.85
SRR5290515.mito.filtered
2249.24
SRR5290516.mito.filtered
735.167
SRR5290517.mito.filtered
1568.19
SRR5290518.mito.filtered
1006.35
SRR5290519.mito.filtered
726.412
SRR5290520.mito.filtered
1567.91
SRR5290521.mito.filtered
1029.83
SRR5290522.mito.filtered
630.882
SRR5290523.mito.filtered
929.754
SRR5290524.mito.filtered
1258.71
SRR5290525.mito.filtered
1437.15
SRR5290526.mito.filtered
742.834
SRR5290527.mito.filtered
1111.65
SRR5290528.mito.filtered
556.563
SRR5290529.mito.filtered
741.393
SRR5290530.mito.filtered
955.229
SRR5290531.mito.filtered
553.985
SRR5296616.mito.filtered
718.11
SRR5296617.mito.filtered
325.896
SRR5296618.mito.filtered
1355.19
SRR5296619.mito.filtered
1510.72
SRR5296620.mito.filtered
1444.52
SRR5296621.mito.filtered
864.506
SRR5296622.mito.filtered
1358.17
SRR5296623.mito.filtered
429.291
SRR5296624.mito.filtered
982.241
SRR5296625.mito.filtered
1255.06
SRR5296626.mito.filtered
1301.61
SRR5296627.mito.filtered
771.653
SRR5296628.mito.filtered
726.323
SRR5296629.mito.filtered
365.269
SRR5296630.mito.filtered
1127.44
SRR5296631.mito.filtered
370.423
SRR5296632.mito.filtered
661.719
SRR5296633.mito.filtered
1752.9
SRR5296634.mito.filtered
499.646
SRR5296635.mito.filtered
809.004
SRR5296636.mito.filtered
663.988
SRR5296637.mito.filtered
693.046
SRR5296638.mito.filtered
486.717
SRR5296639.mito.filtered
409.627
SRR5296640.mito.filtered
2360.49
SRR5296641.mito.filtered
1643.27
SRR5296642.mito.filtered
441.731
SRR5296643.mito.filtered
481.439
SRR5296644.mito.filtered
384.221
SRR5296645.mito.filtered
512.134
SRR5296646.mito.filtered
842.372
SRR5296647.mito.filtered
1319.8
SRR5296648.mito.filtered
560.623
SRR5296649.mito.filtered
404.457
SRR5296650.mito.filtered
2547.25
SRR5296651.mito.filtered
384.566
SRR5296652.mito.filtered
1016.23
SRR5296653.mito.filtered
515.455
SRR5296654.mito.filtered
344.498
SRR5296655.mito.filtered
1642.1
SRR5296656.mito.filtered
613.268
SRR5296657.mito.filtered
473.062
SRR5296658.mito.filtered
1438.58
SRR5296659.mito.filtered
466.061
SRR5296660.mito.filtered
1427
SRR5296661.mito.filtered
1328.22
SRR5296662.mito.filtered
1472.87
SRR5296663.mito.filtered
937.776
SRR5296664.mito.filtered
2199.41
SRR5296665.mito.filtered
1245.77
SRR5296666.mito.filtered
540.872
SRR5296667.mito.filtered
2399.66
SRR5296668.mito.filtered
2807.09
SRR5296669.mito.filtered
1971.22
SRR5296670.mito.filtered
2230.67
SRR5296671.mito.filtered
1942.94
SRR5296672.mito.filtered
1508.11
SRR5296673.mito.filtered
2440.38
SRR5296674.mito.filtered
1720.75
SRR5296675.mito.filtered
2448.44
SRR5296676.mito.filtered
2389.87
SRR5296677.mito.filtered
1242.28
SRR5296678.mito.filtered
1297.82
SRR5296679.mito.filtered
2020.44
SRR5296680.mito.filtered
1878.43
SRR5296681.mito.filtered
382.12
SRR5296682.mito.filtered
307.271
SRR5296683.mito.filtered
496.897
SRR5296684.mito.filtered
1450.75
SRR5296685.mito.filtered
924.607
SRR5296686.mito.filtered
1816.57
SRR5296687.mito.filtered
1342.91
SRR5296688.mito.filtered
1835.06
SRR5296689.mito.filtered
1382.21
SRR5296690.mito.filtered
1597.3
SRR5296691.mito.filtered
1557.41
SRR5296692.mito.filtered
1109.08
SRR5296693.mito.filtered
1648.97
SRR5296694.mito.filtered
2058.79
SRR5296695.mito.filtered
689.137
SRR5296696.mito.filtered
713.332
SRR5296697.mito.filtered
441.397
SRR5296698.mito.filtered
397.099
SRR5296699.mito.filtered
165.559
SRR5296700.mito.filtered
2386.42
SRR5296701.mito.filtered
1938.01
SRR5296702.mito.filtered
1568.23
SRR5296703.mito.filtered
2790.99
SRR5296704.mito.filtered
1031.98
SRR5296705.mito.filtered
1726.21
SRR5296706.mito.filtered
2955.8
SRR5296707.mito.filtered
730.313
SRR5296708.mito.filtered
1766.19
SRR5296709.mito.filtered
2612.26
SRR5296710.mito.filtered
1982.98
SRR5296711.mito.filtered
2997.05
SRR5296712.mito.filtered
1546.55
SRR5296713.mito.filtered
2071.14
SRR5296714.mito.filtered
1621.3
SRR5296715.mito.filtered
1414.87
SRR5296716.mito.filtered
1724.7
SRR5296717.mito.filtered
1378.91
SRR5296718.mito.filtered
2386.46
SRR5296719.mito.filtered
2199.41
SRR5296720.mito.filtered
1148.07
SRR5296721.mito.filtered
1836.16
SRR5296722.mito.filtered
1508.02
SRR5296723.mito.filtered
1901.64
SRR5296724.mito.filtered
1478.96
SRR5296725.mito.filtered
1054.71
SRR5296726.mito.filtered
1743.46
SRR5296727.mito.filtered
1934.04
SRR5296728.mito.filtered
1292.29
SRR5296729.mito.filtered
2287.46
SRR5296730.mito.filtered
1946.19
SRR5296731.mito.filtered
1123.19
SRR5296732.mito.filtered
1459.74
SRR5296733.mito.filtered
2011.68
SRR5296734.mito.filtered
1353.9
SRR5296735.mito.filtered
1963.63
SRR5296736.mito.filtered
1510.37
SRR5296737.mito.filtered
1013.4
SRR5296738.mito.filtered
1328.33
SRR5296739.mito.filtered
994.362
SRR5296740.mito.filtered
1831.62
SRR5296741.mito.filtered
1068.88
SRR5296742.mito.filtered
1206.4
SRR5296743.mito.filtered
1976.74
SRR5296744.mito.filtered
1358.81
SRR5296745.mito.filtered
983.653
SRR5296746.mito.filtered
1905.57
SRR5296747.mito.filtered
1266.1
SRR5296748.mito.filtered
1766.64
SRR5296749.mito.filtered
1218.87
SRR5296750.mito.filtered
2374.91
SRR5296751.mito.filtered
3114.27
SRR5296752.mito.filtered
862.117
SRR5296753.mito.filtered
1304.83
SRR5296754.mito.filtered
640.112
SRR5296755.mito.filtered
1894.86
SRR5296756.mito.filtered
847.4
SRR5296757.mito.filtered
613.408
SRR5296758.mito.filtered
928.313
SRR5296759.mito.filtered
601.947
SRR5296760.mito.filtered
605.173
SRR5296761.mito.filtered
643.608
SRR5296762.mito.filtered
1109.75
SRR5296763.mito.filtered
719.849
SRR5296764.mito.filtered
819.351
SRR5296765.mito.filtered
552.562
SRR5296766.mito.filtered
600.773
SRR5296767.mito.filtered
247.115
SRR5296768.mito.filtered
736.669
SRR5296769.mito.filtered
719.387
SRR5296770.mito.filtered
1043.76
SRR5296771.mito.filtered
1272.76
SRR5296772.mito.filtered
1150.76
SRR5296773.mito.filtered
260.717
SRR5296774.mito.filtered
535.82
SRR5296775.mito.filtered
614.21
SRR5296776.mito.filtered
670.117
SRR5296777.mito.filtered
309.061
SRR5296778.mito.filtered
1062.4
SRR5296779.mito.filtered
1096.56
SRR5296780.mito.filtered
1344.19
SRR5296781.mito.filtered
754.619
SRR5296782.mito.filtered
529.477
SRR5296783.mito.filtered
1455.45
SRR5296784.mito.filtered
2027.44
SRR5296785.mito.filtered
451.746
SRR5296786.mito.filtered
1011.45
SRR5296787.mito.filtered
1483.18
SRR5296788.mito.filtered
944.624
SRR5296789.mito.filtered
471.704
SRR5296790.mito.filtered
658.481
SRR5296791.mito.filtered
961.546
SRR5296792.mito.filtered
1361.47
SRR5296793.mito.filtered
750.836
SRR5296794.mito.filtered
702.69
SRR5296795.mito.filtered
1130.87
SRR5296796.mito.filtered
593.798
SRR5296797.mito.filtered
528.884
SRR5296798.mito.filtered
976.115
SRR5296799.mito.filtered
796.265
SRR5296800.mito.filtered
578.004
SRR5296801.mito.filtered
451.686
SRR5296802.mito.filtered
1008.06
SRR5296803.mito.filtered
618.827
SRR5296804.mito.filtered
250.426
SRR5296805.mito.filtered
1206.26
SRR5296806.mito.filtered
747.471
SRR5296807.mito.filtered
345.28
SRR5296808.mito.filtered
13.5852
SRR5296809.mito.filtered
1038.59
SRR5296810.mito.filtered
1547.78
SRR5296811.mito.filtered
1811.42
SRR5296812.mito.filtered
1463.32
SRR5296813.mito.filtered
1536.86
SRR5296814.mito.filtered
1072.04
SRR5296815.mito.filtered
1219.12
SRR5296816.mito.filtered
2131.4
SRR5296817.mito.filtered
803.303
SRR5296818.mito.filtered
1758.87
SRR5296819.mito.filtered
1717.83
SRR5296820.mito.filtered
1435.46
SRR5296821.mito.filtered
1150.7
SRR5296822.mito.filtered
1388.99
SRR5296823.mito.filtered
2322.96
SRR5296824.mito.filtered
826.13
SRR5296825.mito.filtered
1216.47
SRR5296826.mito.filtered
932.148
SRR5296827.mito.filtered
1142.66
SRR5296828.mito.filtered
1296.38
SRR5296829.mito.filtered
1039.89
SRR5296830.mito.filtered
542.82
SRR5296831.mito.filtered
645.028
SRR5296832.mito.filtered
1448.46
SRR5296833.mito.filtered
859.134
SRR5296834.mito.filtered
436.311
SRR5296835.mito.filtered
945.456
SRR5296836.mito.filtered
665.39
SRR5296837.mito.filtered
1116.1
SRR5296838.mito.filtered
702.697
SRR5296839.mito.filtered
1785.4
SRR5296840.mito.filtered
720.957
SRR5296841.mito.filtered
1744.54
SRR5296842.mito.filtered
1359.97
SRR5296843.mito.filtered
1026.29
SRR5296844.mito.filtered
832.01
SRR5296845.mito.filtered
1315.86
SRR5296846.mito.filtered
403.559
SRR5296847.mito.filtered
1463.87
SRR5296848.mito.filtered
565.17
SRR5296849.mito.filtered
427.94
SRR5296850.mito.filtered
301.285
SRR5296851.mito.filtered
1327.13
SRR5296852.mito.filtered
771.157
SRR5296853.mito.filtered
368.294
SRR5296854.mito.filtered
451.822
SRR5296855.mito.filtered
568.017
SRR5296856.mito.filtered
634.607
SRR5296857.mito.filtered
1057.23
SRR5296858.mito.filtered
651.439
SRR5296859.mito.filtered
773.163
SRR5296860.mito.filtered
1401.7
SRR5296861.mito.filtered
1413.77
SRR5296862.mito.filtered
1178.54
SRR5296863.mito.filtered
584.183
SRR5296864.mito.filtered
1008.28
SRR5296865.mito.filtered
1259.63
SRR5296866.mito.filtered
27.3189
SRR5296867.mito.filtered
491.23
SRR5296868.mito.filtered
553.963
SRR5296869.mito.filtered
476.733
SRR5296870.mito.filtered
520.456
SRR5296871.mito.filtered
233.427
SRR5296872.mito.filtered
290.341
SRR5296873.mito.filtered
415.86
SRR5296874.mito.filtered
281.117
SRR5296875.mito.filtered
323.008
SRR5296876.mito.filtered
827.016
SRR5296877.mito.filtered
244.938
SRR5296878.mito.filtered
61.6523
SRR5296879.mito.filtered
235.924
SRR5296880.mito.filtered
1962.25
SRR5296881.mito.filtered
1408.29
SRR5296882.mito.filtered
2813.28
SRR5296883.mito.filtered
1826.79
SRR5296884.mito.filtered
1870.86
SRR5296885.mito.filtered
1585.17
SRR5296886.mito.filtered
1511.35
SRR5296887.mito.filtered
1691.38
SRR5296888.mito.filtered
1108.38
SRR5296889.mito.filtered
2054.03
SRR5296890.mito.filtered
1327.29
SRR5296891.mito.filtered
2415.04
SRR5296892.mito.filtered
1218.6
SRR5296893.mito.filtered
1095.14
SRR5296894.mito.filtered
1867.64
SRR5296895.mito.filtered
952.018
SRR5296896.mito.filtered
1535.43
SRR5296897.mito.filtered
1597.06
SRR5296898.mito.filtered
1919.19
SRR5296899.mito.filtered
1269.26
SRR5296900.mito.filtered
1055.24
SRR5296901.mito.filtered
1068.9
SRR5296902.mito.filtered
1965.08
SRR5296903.mito.filtered
299.176
SRR5296904.mito.filtered
1013.86
SRR5296905.mito.filtered
908.14
SRR5296906.mito.filtered
2125.53
SRR5296907.mito.filtered
702.739
SRR5296908.mito.filtered
1170.82
SRR5296909.mito.filtered
1388.88
SRR5296910.mito.filtered
838.247
SRR5296911.mito.filtered
923.929
SRR5296912.mito.filtered
450.796
SRR5296913.mito.filtered
834.089
SRR5296914.mito.filtered
434.059
SRR5296915.mito.filtered
607.486
SRR5296916.mito.filtered
395.732
SRR5296917.mito.filtered
606.922
SRR5296918.mito.filtered
613.235
SRR5296919.mito.filtered
542.722
SRR5296920.mito.filtered
1045.66
SRR5296921.mito.filtered
1068.69
SRR5296922.mito.filtered
1228.69
SRR5296923.mito.filtered
938.646
SRR5296924.mito.filtered
446.009
SRR5296925.mito.filtered
918.114
SRR5296926.mito.filtered
944.948
SRR5296927.mito.filtered
568.08
SRR5296928.mito.filtered
674.475
SRR5296929.mito.filtered
870.728
SRR5296930.mito.filtered
728.026
SRR5296931.mito.filtered
712.936
SRR5296932.mito.filtered
838.584
SRR5296933.mito.filtered
721.919
SRR5296934.mito.filtered
775.017
SRR5296935.mito.filtered
624.524
SRR5296936.mito.filtered
948.352
SRR5296937.mito.filtered
599.329
SRR5296938.mito.filtered
427.626
SRR5296939.mito.filtered
264.001
SRR5296940.mito.filtered
553.439
SRR5296941.mito.filtered
516.462
SRR5296942.mito.filtered
481.856
SRR5296943.mito.filtered
350.515
SRR5296944.mito.filtered
883.128
SRR5296945.mito.filtered
922.056
SRR5296946.mito.filtered
654.766
SRR5296947.mito.filtered
1080.4
SRR5296948.mito.filtered
721.632
SRR5296949.mito.filtered
227.409
SRR5296950.mito.filtered
725.449
SRR5296951.mito.filtered
1544.54
SRR5296952.mito.filtered
1043.64
SRR5296953.mito.filtered
1045.17
SRR5296954.mito.filtered
1782.01
SRR5296955.mito.filtered
1364.1
SRR5296956.mito.filtered
897.94
SRR5296957.mito.filtered
942.996
SRR5296958.mito.filtered
1363.98
SRR5296959.mito.filtered
1851.01
SRR5296960.mito.filtered
1203.46
SRR5296961.mito.filtered
1027.64
SRR5296962.mito.filtered
1061.16
SRR5296963.mito.filtered
656.034
SRR5296964.mito.filtered
1057.54
SRR5296965.mito.filtered
1199.53
SRR5296966.mito.filtered
952.058
SRR5296967.mito.filtered
1200.41
SRR5296968.mito.filtered
802.949
SRR5296969.mito.filtered
808.233
SRR5296970.mito.filtered
1837.66
SRR5296971.mito.filtered
1566.23
SRR5296972.mito.filtered
992.008
SRR5296973.mito.filtered
1673.08
SRR5296974.mito.filtered
1021.48
SRR5296975.mito.filtered
1561.85
SRR5296976.mito.filtered
1119.53
SRR5296977.mito.filtered
690.45
SRR5296978.mito.filtered
440.393
SRR5296979.mito.filtered
887.613
SRR5296980.mito.filtered
1031.11
SRR5296981.mito.filtered
648.642
SRR5296982.mito.filtered
416.915
SRR5296983.mito.filtered
1429.08
SRR5296984.mito.filtered
936.961
SRR5296985.mito.filtered
1579.31
SRR5296986.mito.filtered
831.969
SRR5296987.mito.filtered
790.085
SRR5296988.mito.filtered
1953.53
SRR5296989.mito.filtered
2314.67
SRR5296990.mito.filtered
1042.6
SRR5296991.mito.filtered
1257.49
SRR5296992.mito.filtered
827.163
SRR5296993.mito.filtered
645.903
SRR5296994.mito.filtered
1206.57
SRR5296995.mito.filtered
618.059
SRR5296996.mito.filtered
153.943
SRR5296997.mito.filtered
378.044
SRR5296998.mito.filtered
320.929
SRR5296999.mito.filtered
81.2906
SRR5297000.mito.filtered
143.858
SRR5297001.mito.filtered
1131.98
SRR5297002.mito.filtered
790.987
SRR5297003.mito.filtered
1165.17
SRR5297004.mito.filtered
804.553
SRR5297005.mito.filtered
1299.62
SRR5297006.mito.filtered
630.039
SRR5297007.mito.filtered
404.157
SRR5297008.mito.filtered
760.897
SRR5297009.mito.filtered
909.953
SRR5297010.mito.filtered
1448.18
SRR5297011.mito.filtered
473.689
SRR5297012.mito.filtered
401.36
SRR5297013.mito.filtered
849.028
SRR5297014.mito.filtered
910.068
SRR5297015.mito.filtered
885.652
SRR5297016.mito.filtered
1469.15
SRR5297017.mito.filtered
1367.32
SRR5297018.mito.filtered
718.156
SRR5297019.mito.filtered
1006.22
SRR5297020.mito.filtered
1258.74
SRR5297021.mito.filtered
1474.26
SRR5297022.mito.filtered
1171.37
SRR5297023.mito.filtered
1898.18
SRR5297024.mito.filtered
1504.49
SRR5297025.mito.filtered
1381.73
SRR5297026.mito.filtered
1299.32
SRR5297027.mito.filtered
814.529
SRR5297028.mito.filtered
1944.53
SRR5297029.mito.filtered
1525.99
SRR5297030.mito.filtered
2052.7
SRR5297031.mito.filtered
1072.41
SRR5297032.mito.filtered
470.518
SRR5297033.mito.filtered
1520.7
SRR5297034.mito.filtered
1963.55
SRR5297035.mito.filtered
1446.67
SRR5297036.mito.filtered
1384.63
SRR5297037.mito.filtered
1819.6
SRR5297038.mito.filtered
1547.28
SRR5297039.mito.filtered
847.586
SRR5297040.mito.filtered
1414.36
SRR5297041.mito.filtered
548.792
SRR5297042.mito.filtered
969.707
SRR5297043.mito.filtered
1083.72
SRR5297044.mito.filtered
1567.05
SRR5297045.mito.filtered
598.888
SRR5297046.mito.filtered
564.472
SRR5297047.mito.filtered
776.168
SRR5297048.mito.filtered
1537.28
SRR5297049.mito.filtered
364.208
SRR5297050.mito.filtered
640.426
SRR5297051.mito.filtered
158.552
SRR5297052.mito.filtered
407.482
SRR5297053.mito.filtered
1608.1
SRR5297054.mito.filtered
833.582
SRR5297055.mito.filtered
775.628
SRR5297056.mito.filtered
1140.92
SRR5297057.mito.filtered
891.544
SRR5297058.mito.filtered
555.729
SRR5297059.mito.filtered
245.19
SRR5297060.mito.filtered
907.138
SRR5297061.mito.filtered
953.687
SRR5297062.mito.filtered
561.781
SRR5297063.mito.filtered
690.994
SRR5297064.mito.filtered
635.061
SRR5297065.mito.filtered
438.804
SRR5297066.mito.filtered
415.934
SRR5456183.mito.filtered
450.298
SRR5456184.mito.filtered
827.835
SRR5456185.mito.filtered
705.527
SRR5456186.mito.filtered
545.357
SRR5456187.mito.filtered
715.459
SRR5456188.mito.filtered
980.088
SRR5456189.mito.filtered
476.574
SRR5456190.mito.filtered
612.258
SRR5456191.mito.filtered
486.205
SRR5456192.mito.filtered
1221.7
SRR5456193.mito.filtered
80.6748
SRR5456194.mito.filtered
246.344
SRR5456195.mito.filtered
480.125
SRR5456196.mito.filtered
822.164
Fatal error: cannot open file 'MitoBlacklist_RNA.R': No such file or directory
